生成启动时间为 2018/1/11 14:18:09。
     1>项目“E:\code\osiplib\exosip\platform\vsnet\eXosip.vcxproj”在节点 2 上(Build 个目标)。
     1>ClCompile:
         D:\Program Files (x86)\Microsoft Visual Studio 12.0\VC\bin\x86_amd64\CL.exe /c /I..\..\..\osip\include /I..\..\..\exosip\include /I"..\..\..\c-ares" /I"..\..\..\win32-bin\include" /I"..\..\..\win32-bin\include\tsc" /Zi /nologo /W3 /WX- /Od /D TSC_OPENSSL /D TSC_WINDOWS /D CARES_STATICLIB /D HAVE_CARES_H /D SRV_RECORD /D _CRT_SECURE_NO_DEPRECATE /D ENABLE_TRACE /D WIN32 /D EXOSIP_EXPORTS /D _WINDOWS /D _USRDLL /D _DEBUG /D _MT /D _VC80_UPGRADE=0x0710 /D _UNICODE /D UNICODE /Gm- /MTd /GS /fp:precise /Zc:wchar_t /Zc:forScope /Fo"eXosip\x64\Debug\\" /Fd"eXosip\x64\Debug\eXosip-vc80.pdb" /Gd /TC /errorReport:prompt ..\..\..\exosip\src\eXcall_api.c ..\..\..\exosip\src\eXconf.c ..\..\..\exosip\src\eXinsubscription_api.c ..\..\..\exosip\src\eXmessage_api.c ..\..\..\exosip\src\eXoptions_api.c ..\..\..\exosip\src\eXosip.c ..\..\..\exosip\src\eXpublish_api.c ..\..\..\exosip\src\eXrefer_api.c ..\..\..\exosip\src\eXregister_api.c ..\..\..\exosip\src\eXsubscription_api.c ..\..\..\exosip\src\eXtl_dtls.c ..\..\..\exosip\src\eXtl_tcp.c ..\..\..\exosip\src\eXtl_tls.c ..\..\..\exosip\src\eXtl_udp.c ..\..\..\exosip\src\eXtransport.c ..\..\..\exosip\src\eXutils.c ..\..\..\exosip\src\inet_ntop.c ..\..\..\exosip\src\jauth.c ..\..\..\exosip\src\jcall.c ..\..\..\exosip\src\jcallback.c ..\..\..\exosip\src\jdialog.c ..\..\..\exosip\src\jevents.c ..\..\..\exosip\src\jnotify.c ..\..\..\exosip\src\jpipe.c ..\..\..\exosip\src\jpublish.c ..\..\..\exosip\src\jreg.c ..\..\..\exosip\src\jrequest.c ..\..\..\exosip\src\jresponse.c ..\..\..\exosip\src\jsubscribe.c ..\..\..\exosip\src\milenage.c ..\..\..\exosip\src\misc.c ..\..\..\exosip\src\rijndael.c ..\..\..\exosip\src\sdp_offans.c ..\..\..\exosip\src\udp.c
         eXcall_api.c
         eXconf.c
         eXinsubscription_api.c
         eXmessage_api.c
         eXoptions_api.c
         eXosip.c
         eXpublish_api.c
         eXrefer_api.c
     1>..\..\..\exosip\src\eXrefer_api.c(46): warning C4020: “_eXosip_generating_request_out_of_dialog”: 实参太多
         eXregister_api.c
         eXsubscription_api.c
         eXtl_dtls.c
         eXtl_tcp.c
         eXtl_tls.c
         eXtl_udp.c
     1>..\..\..\exosip\src\eXtl_udp.c(135): warning C4996: 'GetVersionExW': 被声明为已否决
                 C:\Program Files (x86)\Windows Kits\8.1\Include\um\sysinfoapi.h(442) : 参见“GetVersionExW”的声明
     1>..\..\..\exosip\src\eXtl_udp.c(219): warning C4996: 'GetVersionExW': 被声明为已否决
                 C:\Program Files (x86)\Windows Kits\8.1\Include\um\sysinfoapi.h(442) : 参见“GetVersionExW”的声明
         eXtransport.c
         eXutils.c
     1>..\..\..\exosip\src\eXutils.c(1171): warning C4996: 'inet_addr': Use inet_pton() or InetPton() instead or define _WINSOCK_DEPRECATED_NO_WARNINGS to disable deprecated API warnings
                 C:\Program Files (x86)\Windows Kits\8.1\Include\um\winsock2.h(1850) : 参见“inet_addr”的声明
         inet_ntop.c
         jauth.c
         jcall.c
         jcallback.c
         正在生成代码...
         正在编译...
         jdialog.c
         jevents.c
         jnotify.c
         jpipe.c
     1>..\..\..\exosip\src\jpipe.c(155): warning C4996: 'inet_addr': Use inet_pton() or InetPton() instead or define _WINSOCK_DEPRECATED_NO_WARNINGS to disable deprecated API warnings
                 C:\Program Files (x86)\Windows Kits\8.1\Include\um\winsock2.h(1850) : 参见“inet_addr”的声明
         jpublish.c
         jreg.c
         jrequest.c
         jresponse.c
         jsubscribe.c
         milenage.c
         misc.c
         rijndael.c
         sdp_offans.c
         udp.c
         正在生成代码...
       Lib:
         D:\Program Files (x86)\Microsoft Visual Studio 12.0\VC\bin\x86_amd64\Lib.exe /OUT:"E:\code\osiplib\exosip\platform\vsnet\v120\x64\Debug\eXosip.lib" /NOLOGO /MACHINE:X64 eXosip\x64\Debug\eXcall_api.obj
         eXosip\x64\Debug\eXconf.obj
         eXosip\x64\Debug\eXinsubscription_api.obj
         eXosip\x64\Debug\eXmessage_api.obj
         eXosip\x64\Debug\eXoptions_api.obj
         eXosip\x64\Debug\eXosip.obj
         eXosip\x64\Debug\eXpublish_api.obj
         eXosip\x64\Debug\eXrefer_api.obj
         eXosip\x64\Debug\eXregister_api.obj
         eXosip\x64\Debug\eXsubscription_api.obj
         eXosip\x64\Debug\eXtl_dtls.obj
         eXosip\x64\Debug\eXtl_tcp.obj
         eXosip\x64\Debug\eXtl_tls.obj
         eXosip\x64\Debug\eXtl_udp.obj
         eXosip\x64\Debug\eXtransport.obj
         eXosip\x64\Debug\eXutils.obj
         eXosip\x64\Debug\inet_ntop.obj
         eXosip\x64\Debug\jauth.obj
         eXosip\x64\Debug\jcall.obj
         eXosip\x64\Debug\jcallback.obj
         eXosip\x64\Debug\jdialog.obj
         eXosip\x64\Debug\jevents.obj
         eXosip\x64\Debug\jnotify.obj
         eXosip\x64\Debug\jpipe.obj
         eXosip\x64\Debug\jpublish.obj
         eXosip\x64\Debug\jreg.obj
         eXosip\x64\Debug\jrequest.obj
         eXosip\x64\Debug\jresponse.obj
         eXosip\x64\Debug\jsubscribe.obj
         eXosip\x64\Debug\milenage.obj
         eXosip\x64\Debug\misc.obj
         eXosip\x64\Debug\rijndael.obj
         eXosip\x64\Debug\sdp_offans.obj
         eXosip\x64\Debug\udp.obj
         eXosip.vcxproj -> E:\code\osiplib\exosip\platform\vsnet\v120\x64\Debug\eXosip.lib
     1>已完成生成项目“E:\code\osiplib\exosip\platform\vsnet\eXosip.vcxproj”(Build 个目标)的操作。

生成成功。

已用时间 00:00:12.64
