e:\code\osiplib\osip\platform\vsnet\osip2\x64\release\port_thread.obj
e:\code\osiplib\osip\platform\vsnet\osip2\x64\release\port_sema.obj
e:\code\osiplib\osip\platform\vsnet\osip2\x64\release\port_fifo.obj
e:\code\osiplib\osip\platform\vsnet\osip2\x64\release\osip_transaction.obj
e:\code\osiplib\osip\platform\vsnet\osip2\x64\release\osip_time.obj
e:\code\osiplib\osip\platform\vsnet\osip2\x64\release\osip_event.obj
e:\code\osiplib\osip\platform\vsnet\osip2\x64\release\osip_dialog.obj
e:\code\osiplib\osip\platform\vsnet\osip2\x64\release\osip.obj
e:\code\osiplib\osip\platform\vsnet\osip2\x64\release\nist_fsm.obj
e:\code\osiplib\osip\platform\vsnet\osip2\x64\release\nist.obj
e:\code\osiplib\osip\platform\vsnet\osip2\x64\release\nict_fsm.obj
e:\code\osiplib\osip\platform\vsnet\osip2\x64\release\nict.obj
e:\code\osiplib\osip\platform\vsnet\osip2\x64\release\ist_fsm.obj
e:\code\osiplib\osip\platform\vsnet\osip2\x64\release\ist.obj
e:\code\osiplib\osip\platform\vsnet\osip2\x64\release\ict_fsm.obj
e:\code\osiplib\osip\platform\vsnet\osip2\x64\release\ict.obj
e:\code\osiplib\osip\platform\vsnet\osip2\x64\release\fsm_misc.obj
e:\code\osiplib\osip\platform\vsnet\osip2\x64\release\port_condv.obj
d:\相机接入\lib\osip2.lib
e:\code\osiplib\osip\platform\vsnet\osip2\x64\release\osip2.tlog\cl.command.1.tlog
e:\code\osiplib\osip\platform\vsnet\osip2\x64\release\osip2.tlog\cl.read.1.tlog
e:\code\osiplib\osip\platform\vsnet\osip2\x64\release\osip2.tlog\cl.write.1.tlog
e:\code\osiplib\osip\platform\vsnet\osip2\x64\release\osip2.tlog\lib-link.read.1.tlog
e:\code\osiplib\osip\platform\vsnet\osip2\x64\release\osip2.tlog\lib-link.write.1.tlog
e:\code\osiplib\osip\platform\vsnet\osip2\x64\release\osip2.tlog\lib.command.1.tlog
