e:\code\osiplib\exosip\platform\vsnet\exosip\x64\release\exosip-vc80.pdb
e:\code\osiplib\exosip\platform\vsnet\exosip\x64\release\exosip-vc80.idb
e:\code\osiplib\exosip\platform\vsnet\exosip\x64\release\rijndael.obj
e:\code\osiplib\exosip\platform\vsnet\exosip\x64\release\milenage.obj
e:\code\osiplib\exosip\platform\vsnet\exosip\x64\release\jcall.obj
e:\code\osiplib\exosip\platform\vsnet\exosip\x64\release\exinsubscription_api.obj
e:\code\osiplib\exosip\platform\vsnet\exosip\x64\release\excall_api.obj
e:\code\osiplib\exosip\platform\vsnet\exosip\x64\release\jevents.obj
e:\code\osiplib\exosip\platform\vsnet\exosip\x64\release\jauth.obj
e:\code\osiplib\exosip\platform\vsnet\exosip\x64\release\exconf.obj
e:\code\osiplib\exosip\platform\vsnet\exosip\x64\release\jcallback.obj
e:\code\osiplib\exosip\platform\vsnet\exosip\x64\release\inet_ntop.obj
e:\code\osiplib\exosip\platform\vsnet\exosip\x64\release\exutils.obj
e:\code\osiplib\exosip\platform\vsnet\exosip\x64\release\extransport.obj
e:\code\osiplib\exosip\platform\vsnet\exosip\x64\release\extl_udp.obj
e:\code\osiplib\exosip\platform\vsnet\exosip\x64\release\extl_tls.obj
e:\code\osiplib\exosip\platform\vsnet\exosip\x64\release\extl_tcp.obj
e:\code\osiplib\exosip\platform\vsnet\exosip\x64\release\extl_dtls.obj
e:\code\osiplib\exosip\platform\vsnet\exosip\x64\release\exsubscription_api.obj
e:\code\osiplib\exosip\platform\vsnet\exosip\x64\release\exregister_api.obj
e:\code\osiplib\exosip\platform\vsnet\exosip\x64\release\exrefer_api.obj
e:\code\osiplib\exosip\platform\vsnet\exosip\x64\release\expublish_api.obj
e:\code\osiplib\exosip\platform\vsnet\exosip\x64\release\exosip.obj
e:\code\osiplib\exosip\platform\vsnet\exosip\x64\release\exoptions_api.obj
e:\code\osiplib\exosip\platform\vsnet\exosip\x64\release\exmessage_api.obj
e:\code\osiplib\exosip\platform\vsnet\exosip\x64\release\udp.obj
e:\code\osiplib\exosip\platform\vsnet\exosip\x64\release\sdp_offans.obj
e:\code\osiplib\exosip\platform\vsnet\exosip\x64\release\misc.obj
e:\code\osiplib\exosip\platform\vsnet\exosip\x64\release\jsubscribe.obj
e:\code\osiplib\exosip\platform\vsnet\exosip\x64\release\jresponse.obj
e:\code\osiplib\exosip\platform\vsnet\exosip\x64\release\jrequest.obj
e:\code\osiplib\exosip\platform\vsnet\exosip\x64\release\jreg.obj
e:\code\osiplib\exosip\platform\vsnet\exosip\x64\release\jpublish.obj
e:\code\osiplib\exosip\platform\vsnet\exosip\x64\release\jpipe.obj
e:\code\osiplib\exosip\platform\vsnet\exosip\x64\release\jnotify.obj
e:\code\osiplib\exosip\platform\vsnet\exosip\x64\release\jdialog.obj
d:\相机接入\lib\exosip.lib
e:\code\osiplib\exosip\platform\vsnet\exosip\x64\release\exosip.tlog\cl.command.1.tlog
e:\code\osiplib\exosip\platform\vsnet\exosip\x64\release\exosip.tlog\cl.read.1.tlog
e:\code\osiplib\exosip\platform\vsnet\exosip\x64\release\exosip.tlog\cl.write.1.tlog
e:\code\osiplib\exosip\platform\vsnet\exosip\x64\release\exosip.tlog\lib-link.read.1.tlog
e:\code\osiplib\exosip\platform\vsnet\exosip\x64\release\exosip.tlog\lib-link.write.1.tlog
e:\code\osiplib\exosip\platform\vsnet\exosip\x64\release\exosip.tlog\lib.command.1.tlog
